2020-09-29 15:51:25,271 INFO o.a.j.u.JMeterUtils: Setting Locale to en_EN
2020-09-29 15:51:25,289 INFO o.a.j.JMeter: Loading user properties from: /home/sergio/Applications/apache-jmeter-5.3/bin/user.properties
2020-09-29 15:51:25,290 INFO o.a.j.JMeter: Loading system properties from: /home/sergio/Applications/apache-jmeter-5.3/bin/system.properties
2020-09-29 15:51:25,292 INFO o.a.j.JMeter: Copyright (c) 1998-2020 The Apache Software Foundation
2020-09-29 15:51:25,293 INFO o.a.j.JMeter: Version 5.3
2020-09-29 15:51:25,293 INFO o.a.j.JMeter: java.version=1.8.0_231
2020-09-29 15:51:25,294 INFO o.a.j.JMeter: java.vm.name=Java HotSpot(TM) 64-Bit Server VM
2020-09-29 15:51:25,295 INFO o.a.j.JMeter: os.name=Linux
2020-09-29 15:51:25,295 INFO o.a.j.JMeter: os.arch=amd64
2020-09-29 15:51:25,296 INFO o.a.j.JMeter: os.version=5.4.0-48-generic
2020-09-29 15:51:25,297 INFO o.a.j.JMeter: file.encoding=UTF-8
2020-09-29 15:51:25,297 INFO o.a.j.JMeter: java.awt.headless=null
2020-09-29 15:51:25,298 INFO o.a.j.JMeter: Max memory     =1073741824
2020-09-29 15:51:25,299 INFO o.a.j.JMeter: Available Processors =4
2020-09-29 15:51:25,308 INFO o.a.j.JMeter: Default Locale=English (EN)
2020-09-29 15:51:25,309 INFO o.a.j.JMeter: JMeter  Locale=English (EN)
2020-09-29 15:51:25,309 INFO o.a.j.JMeter: JMeterHome=/home/sergio/Applications/apache-jmeter-5.3
2020-09-29 15:51:25,309 INFO o.a.j.JMeter: user.dir  =/home/sergio/dev/docker/mytest
2020-09-29 15:51:25,309 INFO o.a.j.JMeter: PWD       =/home/sergio/dev/docker/mytest
2020-09-29 15:51:25,309 INFO o.a.j.JMeter: IP: 127.0.1.1 Name: BRSPOBITANL1420 FullName: BRSPOBITANL1420
2020-09-29 15:51:25,471 INFO o.a.j.JMeter: Setting LAF to: com.github.weisj.darklaf.DarkLaf:com.github.weisj.darklaf.theme.DarculaTheme
2020-09-29 15:51:25,727 INFO o.a.j.JMeter: Loaded icon properties from org/apache/jmeter/images/icon.properties
